This file contains any messages produced by compilers while
running configure, to aid debugging if configure makes a mistake.

It was created by which configure 2.21, which was
generated by GNU Autoconf 2.69.  Invocation command line was

  $ ./configure --prefix=/data/data/com.termux/files/usr

## --------- ##
## Platform. ##
## --------- ##

hostname = localhost
uname -m = aarch64
uname -r = 4.14.113-25257816
uname -s = Linux
uname -v = #1 SMP PREEMPT Thu Mar 2 09:45:18 KST 2023

/usr/bin/uname -p = unknown
/bin/uname -X     = unknown

/bin/arch              = unknown
/usr/bin/arch -k       = unknown
/usr/convex/getsysinfo = unknown
/usr/bin/hostinfo      = unknown
/bin/machine           = unknown
/usr/bin/oslevel       = unknown
/bin/universe          = unknown

PATH: /data/data/com.termux/files/home/.local/bin
PATH: /data/data/com.termux/files/usr/bin
PATH: /data/data/com.termux/files/home/go/bin
PATH: /data/data/com.termux/files/usr/opt/jbang/bin
PATH: /data/data/com.termux/files/home/.cargo/bin


## ----------- ##
## Core tests. ##
## ----------- ##

configure:2248: checking for a BSD-compatible install
configure:2316: result: /data/data/com.termux/files/usr/bin/install -c
configure:2327: checking whether build environment is sane
configure:2382: result: yes
configure:2533: checking for a thread-safe mkdir -p
configure:2572: result: /data/data/com.termux/files/usr/bin/mkdir -p
configure:2579: checking for gawk
configure:2595: found /data/data/com.termux/files/usr/bin/gawk
configure:2606: result: gawk
configure:2617: checking whether make sets $(MAKE)
configure:2639: result: yes
configure:2668: checking whether make supports nested variables
configure:2685: result: yes
configure:2814: checking whether to enable maintainer-specific portions of Makefiles
configure:2823: result: no
configure:2905: checking for gcc
configure:2921: found /data/data/com.termux/files/usr/bin/gcc
configure:2932: result: gcc
configure:3161: checking for C compiler version
configure:3170: gcc --version >&5
clang version 16.0.0
Target: aarch64-unknown-linux-android24
Thread model: posix
InstalledDir: /data/data/com.termux/files/usr/bin
configure:3181: $? = 0
configure:3170: gcc -v >&5
clang version 16.0.0
Target: aarch64-unknown-linux-android24
Thread model: posix
InstalledDir: /data/data/com.termux/files/usr/bin
configure:3181: $? = 0
configure:3170: gcc -V >&5
clang-16: error: argument to '-V' is missing (expected 1 value)
clang-16: error: no input files
configure:3181: $? = 1
configure:3170: gcc -qversion >&5
clang-16: error: unknown argument '-qversion'; did you mean '--version'?
clang-16: error: no input files
configure:3181: $? = 1
configure:3201: checking whether the C compiler works
configure:3223: gcc   -fuse-ld=mold conftest.c  >&5
configure:3227: $? = 0
configure:3275: result: yes
configure:3278: checking for C compiler default output file name
configure:3280: result: a.out
configure:3286: checking for suffix of executables
configure:3293: gcc -o conftest   -fuse-ld=mold conftest.c  >&5
configure:3297: $? = 0
configure:3319: result: 
configure:3341: checking whether we are cross compiling
configure:3349: gcc -o conftest   -fuse-ld=mold conftest.c  >&5
configure:3353: $? = 0
configure:3360: ./conftest
configure:3364: $? = 0
configure:3379: result: no
configure:3384: checking for suffix of object files
configure:3406: gcc -c   conftest.c >&5
configure:3410: $? = 0
configure:3431: result: o
configure:3435: checking whether we are using the GNU C compiler
configure:3454: gcc -c   conftest.c >&5
configure:3454: $? = 0
configure:3463: result: yes
configure:3472: checking whether gcc accepts -g
configure:3492: gcc -c -g  conftest.c >&5
configure:3492: $? = 0
configure:3533: result: yes
configure:3550: checking for gcc option to accept ISO C89
configure:3613: gcc  -c -g -O2  conftest.c >&5
conftest.c:17:14: warning: a function definition without a prototype is deprecated in all versions of C and is not supported in C2x [-Wdeprecated-non-prototype]
static char *e (p, i)
             ^
1 warning generated.
configure:3613: $? = 0
configure:3626: result: none needed
configure:3651: checking whether gcc understands -c and -o together
configure:3673: gcc -c conftest.c -o conftest2.o
configure:3676: $? = 0
configure:3673: gcc -c conftest.c -o conftest2.o
configure:3676: $? = 0
configure:3688: result: yes
configure:3716: checking for style of include used by make
configure:3744: result: GNU
configure:3770: checking dependency style of gcc
configure:3881: result: pch
configure:3909: checking how to run the C preprocessor
configure:3940: gcc -E  conftest.c
configure:3940: $? = 0
configure:3954: gcc -E  conftest.c
conftest.c:11:10: fatal error: 'ac_nonexistent.h' file not found
#include <ac_nonexistent.h>
         ^~~~~~~~~~~~~~~~~~
1 error generated.
configure:3954: $? = 1
configure: failed program was:
| /* confdefs.h */
| #define PACKAGE_NAME "which"
| #define PACKAGE_TARNAME "which"
| #define PACKAGE_VERSION "2.21"
| #define PACKAGE_STRING "which 2.21"
| #define PACKAGE_BUGREPORT ""
| #define PACKAGE_URL ""
| #define PACKAGE "which"
| #define VERSION "2.21"
| /* end confdefs.h.  */
| #include <ac_nonexistent.h>
configure:3979: result: gcc -E
configure:3999: gcc -E  conftest.c
configure:3999: $? = 0
configure:4013: gcc -E  conftest.c
conftest.c:11:10: fatal error: 'ac_nonexistent.h' file not found
#include <ac_nonexistent.h>
         ^~~~~~~~~~~~~~~~~~
1 error generated.
configure:4013: $? = 1
configure: failed program was:
| /* confdefs.h */
| #define PACKAGE_NAME "which"
| #define PACKAGE_TARNAME "which"
| #define PACKAGE_VERSION "2.21"
| #define PACKAGE_STRING "which 2.21"
| #define PACKAGE_BUGREPORT ""
| #define PACKAGE_URL ""
| #define PACKAGE "which"
| #define VERSION "2.21"
| /* end confdefs.h.  */
| #include <ac_nonexistent.h>
configure:4042: checking for grep that handles long lines and -e
configure:4100: result: /data/data/com.termux/files/usr/bin/grep
configure:4105: checking for egrep
configure:4167: result: /data/data/com.termux/files/usr/bin/grep -E
configure:4172: checking for ANSI C header files
configure:4192: gcc -c -g -O2  conftest.c >&5
configure:4192: $? = 0
configure:4265: gcc -o conftest -g -O2  -fuse-ld=mold conftest.c  >&5
configure:4265: $? = 0
configure:4265: ./conftest
configure:4265: $? = 0
configure:4276: result: yes
configure:4289: checking for sys/types.h
configure:4289: gcc -c -g -O2  conftest.c >&5
configure:4289: $? = 0
configure:4289: result: yes
configure:4289: checking for sys/stat.h
configure:4289: gcc -c -g -O2  conftest.c >&5
configure:4289: $? = 0
configure:4289: result: yes
configure:4289: checking for stdlib.h
configure:4289: gcc -c -g -O2  conftest.c >&5
configure:4289: $? = 0
configure:4289: result: yes
configure:4289: checking for string.h
configure:4289: gcc -c -g -O2  conftest.c >&5
configure:4289: $? = 0
configure:4289: result: yes
configure:4289: checking for memory.h
configure:4289: gcc -c -g -O2  conftest.c >&5
configure:4289: $? = 0
configure:4289: result: yes
configure:4289: checking for strings.h
configure:4289: gcc -c -g -O2  conftest.c >&5
configure:4289: $? = 0
configure:4289: result: yes
configure:4289: checking for inttypes.h
configure:4289: gcc -c -g -O2  conftest.c >&5
configure:4289: $? = 0
configure:4289: result: yes
configure:4289: checking for stdint.h
configure:4289: gcc -c -g -O2  conftest.c >&5
configure:4289: $? = 0
configure:4289: result: yes
configure:4289: checking for unistd.h
configure:4289: gcc -c -g -O2  conftest.c >&5
configure:4289: $? = 0
configure:4289: result: yes
configure:4302: checking minix/config.h usability
configure:4302: gcc -c -g -O2  conftest.c >&5
conftest.c:54:10: fatal error: 'minix/config.h' file not found
#include <minix/config.h>
         ^~~~~~~~~~~~~~~~
1 error generated.
configure:4302: $? = 1
configure: failed program was:
| /* confdefs.h */
| #define PACKAGE_NAME "which"
| #define PACKAGE_TARNAME "which"
| #define PACKAGE_VERSION "2.21"
| #define PACKAGE_STRING "which 2.21"
| #define PACKAGE_BUGREPORT ""
| #define PACKAGE_URL ""
| #define PACKAGE "which"
| #define VERSION "2.21"
| #define STDC_HEADERS 1
| #define HAVE_SYS_TYPES_H 1
| #define HAVE_SYS_STAT_H 1
| #define HAVE_STDLIB_H 1
| #define HAVE_STRING_H 1
| #define HAVE_MEMORY_H 1
| #define HAVE_STRINGS_H 1
| #define HAVE_INTTYPES_H 1
| #define HAVE_STDINT_H 1
| #define HAVE_UNISTD_H 1
| /* end confdefs.h.  */
| #include <stdio.h>
| #ifdef HAVE_SYS_TYPES_H
| # include <sys/types.h>
| #endif
| #ifdef HAVE_SYS_STAT_H
| # include <sys/stat.h>
| #endif
| #ifdef STDC_HEADERS
| # include <stdlib.h>
| # include <stddef.h>
| #else
| # ifdef HAVE_STDLIB_H
| #  include <stdlib.h>
| # endif
| #endif
| #ifdef HAVE_STRING_H
| # if !defined STDC_HEADERS && defined HAVE_MEMORY_H
| #  include <memory.h>
| # endif
| # include <string.h>
| #endif
| #ifdef HAVE_STRINGS_H
| # include <strings.h>
| #endif
| #ifdef HAVE_INTTYPES_H
| # include <inttypes.h>
| #endif
| #ifdef HAVE_STDINT_H
| # include <stdint.h>
| #endif
| #ifdef HAVE_UNISTD_H
| # include <unistd.h>
| #endif
| #include <minix/config.h>
configure:4302: result: no
configure:4302: checking minix/config.h presence
configure:4302: gcc -E  conftest.c
conftest.c:21:10: fatal error: 'minix/config.h' file not found
#include <minix/config.h>
         ^~~~~~~~~~~~~~~~
1 error generated.
configure:4302: $? = 1
configure: failed program was:
| /* confdefs.h */
| #define PACKAGE_NAME "which"
| #define PACKAGE_TARNAME "which"
| #define PACKAGE_VERSION "2.21"
| #define PACKAGE_STRING "which 2.21"
| #define PACKAGE_BUGREPORT ""
| #define PACKAGE_URL ""
| #define PACKAGE "which"
| #define VERSION "2.21"
| #define STDC_HEADERS 1
| #define HAVE_SYS_TYPES_H 1
| #define HAVE_SYS_STAT_H 1
| #define HAVE_STDLIB_H 1
| #define HAVE_STRING_H 1
| #define HAVE_MEMORY_H 1
| #define HAVE_STRINGS_H 1
| #define HAVE_INTTYPES_H 1
| #define HAVE_STDINT_H 1
| #define HAVE_UNISTD_H 1
| /* end confdefs.h.  */
| #include <minix/config.h>
configure:4302: result: no
configure:4302: checking for minix/config.h
configure:4302: result: no
configure:4323: checking whether it is safe to define __EXTENSIONS__
configure:4341: gcc -c -g -O2  conftest.c >&5
configure:4341: $? = 0
configure:4348: result: yes
configure:4365: checking for xmalloc in libiberty.a
configure:4394: gcc -o conftest -g -O2  -fuse-ld=mold conftest.c /lib/libiberty.a   >&5
clang-16: error: no such file or directory: '/lib/libiberty.a'
configure:4394: $? = 1
configure: failed program was:
| /* confdefs.h */
| #define PACKAGE_NAME "which"
| #define PACKAGE_TARNAME "which"
| #define PACKAGE_VERSION "2.21"
| #define PACKAGE_STRING "which 2.21"
| #define PACKAGE_BUGREPORT ""
| #define PACKAGE_URL ""
| #define PACKAGE "which"
| #define VERSION "2.21"
| #define STDC_HEADERS 1
| #define HAVE_SYS_TYPES_H 1
| #define HAVE_SYS_STAT_H 1
| #define HAVE_STDLIB_H 1
| #define HAVE_STRING_H 1
| #define HAVE_MEMORY_H 1
| #define HAVE_STRINGS_H 1
| #define HAVE_INTTYPES_H 1
| #define HAVE_STDINT_H 1
| #define HAVE_UNISTD_H 1
| #define __EXTENSIONS__ 1
| #define _ALL_SOURCE 1
| #define _GNU_SOURCE 1
| #define _POSIX_PTHREAD_SEMANTICS 1
| #define _TANDEM_SOURCE 1
| /* end confdefs.h.  */
|     /* Override any gcc2 internal prototype to avoid an error.  */
|     /* We use char because int might match the return type of a gcc2
|       builtin and then its argument prototype would still apply.  */
|   char xmalloc();
| 
| int
| main ()
| {
| xmalloc()
|   ;
|   return 0;
| }
configure:4394: gcc -o conftest -g -O2  -fuse-ld=mold conftest.c /usr/lib/libiberty.a   >&5
clang-16: error: no such file or directory: '/usr/lib/libiberty.a'
configure:4394: $? = 1
configure: failed program was:
| /* confdefs.h */
| #define PACKAGE_NAME "which"
| #define PACKAGE_TARNAME "which"
| #define PACKAGE_VERSION "2.21"
| #define PACKAGE_STRING "which 2.21"
| #define PACKAGE_BUGREPORT ""
| #define PACKAGE_URL ""
| #define PACKAGE "which"
| #define VERSION "2.21"
| #define STDC_HEADERS 1
| #define HAVE_SYS_TYPES_H 1
| #define HAVE_SYS_STAT_H 1
| #define HAVE_STDLIB_H 1
| #define HAVE_STRING_H 1
| #define HAVE_MEMORY_H 1
| #define HAVE_STRINGS_H 1
| #define HAVE_INTTYPES_H 1
| #define HAVE_STDINT_H 1
| #define HAVE_UNISTD_H 1
| #define __EXTENSIONS__ 1
| #define _ALL_SOURCE 1
| #define _GNU_SOURCE 1
| #define _POSIX_PTHREAD_SEMANTICS 1
| #define _TANDEM_SOURCE 1
| /* end confdefs.h.  */
|     /* Override any gcc2 internal prototype to avoid an error.  */
|     /* We use char because int might match the return type of a gcc2
|       builtin and then its argument prototype would still apply.  */
|   char xmalloc();
| 
| int
| main ()
| {
| xmalloc()
|   ;
|   return 0;
| }
configure:4422: result: no
configure:4428: checking for ANSI C header files
configure:4532: result: yes
configure:4543: checking for unistd.h
configure:4543: result: yes
configure:4543: checking for string.h
configure:4543: result: yes
configure:4543: checking libiberty.h usability
configure:4543: gcc -c -g -O2  conftest.c >&5
conftest.c:62:10: fatal error: 'libiberty.h' file not found
#include <libiberty.h>
         ^~~~~~~~~~~~~
1 error generated.
configure:4543: $? = 1
configure: failed program was:
| /* confdefs.h */
| #define PACKAGE_NAME "which"
| #define PACKAGE_TARNAME "which"
| #define PACKAGE_VERSION "2.21"
| #define PACKAGE_STRING "which 2.21"
| #define PACKAGE_BUGREPORT ""
| #define PACKAGE_URL ""
| #define PACKAGE "which"
| #define VERSION "2.21"
| #define STDC_HEADERS 1
| #define HAVE_SYS_TYPES_H 1
| #define HAVE_SYS_STAT_H 1
| #define HAVE_STDLIB_H 1
| #define HAVE_STRING_H 1
| #define HAVE_MEMORY_H 1
| #define HAVE_STRINGS_H 1
| #define HAVE_INTTYPES_H 1
| #define HAVE_STDINT_H 1
| #define HAVE_UNISTD_H 1
| #define __EXTENSIONS__ 1
| #define _ALL_SOURCE 1
| #define _GNU_SOURCE 1
| #define _POSIX_PTHREAD_SEMANTICS 1
| #define _TANDEM_SOURCE 1
| #define STDC_HEADERS 1
| #define HAVE_UNISTD_H 1
| #define HAVE_STRING_H 1
| /* end confdefs.h.  */
| #include <stdio.h>
| #ifdef HAVE_SYS_TYPES_H
| # include <sys/types.h>
| #endif
| #ifdef HAVE_SYS_STAT_H
| # include <sys/stat.h>
| #endif
| #ifdef STDC_HEADERS
| # include <stdlib.h>
| # include <stddef.h>
| #else
| # ifdef HAVE_STDLIB_H
| #  include <stdlib.h>
| # endif
| #endif
| #ifdef HAVE_STRING_H
| # if !defined STDC_HEADERS && defined HAVE_MEMORY_H
| #  include <memory.h>
| # endif
| # include <string.h>
| #endif
| #ifdef HAVE_STRINGS_H
| # include <strings.h>
| #endif
| #ifdef HAVE_INTTYPES_H
| # include <inttypes.h>
| #endif
| #ifdef HAVE_STDINT_H
| # include <stdint.h>
| #endif
| #ifdef HAVE_UNISTD_H
| # include <unistd.h>
| #endif
| #include <libiberty.h>
configure:4543: result: no
configure:4543: checking libiberty.h presence
configure:4543: gcc -E  conftest.c
conftest.c:29:10: fatal error: 'libiberty.h' file not found
#include <libiberty.h>
         ^~~~~~~~~~~~~
1 error generated.
configure:4543: $? = 1
configure: failed program was:
| /* confdefs.h */
| #define PACKAGE_NAME "which"
| #define PACKAGE_TARNAME "which"
| #define PACKAGE_VERSION "2.21"
| #define PACKAGE_STRING "which 2.21"
| #define PACKAGE_BUGREPORT ""
| #define PACKAGE_URL ""
| #define PACKAGE "which"
| #define VERSION "2.21"
| #define STDC_HEADERS 1
| #define HAVE_SYS_TYPES_H 1
| #define HAVE_SYS_STAT_H 1
| #define HAVE_STDLIB_H 1
| #define HAVE_STRING_H 1
| #define HAVE_MEMORY_H 1
| #define HAVE_STRINGS_H 1
| #define HAVE_INTTYPES_H 1
| #define HAVE_STDINT_H 1
| #define HAVE_UNISTD_H 1
| #define __EXTENSIONS__ 1
| #define _ALL_SOURCE 1
| #define _GNU_SOURCE 1
| #define _POSIX_PTHREAD_SEMANTICS 1
| #define _TANDEM_SOURCE 1
| #define STDC_HEADERS 1
| #define HAVE_UNISTD_H 1
| #define HAVE_STRING_H 1
| /* end confdefs.h.  */
| #include <libiberty.h>
configure:4543: result: no
configure:4543: checking for libiberty.h
configure:4543: result: no
configure:4553: checking whether stat file-mode macros are broken
configure:4580: gcc -c -g -O2  conftest.c >&5
configure:4580: $? = 0
configure:4587: result: no
configure:4596: checking for an ANSI C-conforming const
configure:4662: gcc -c -g -O2  conftest.c >&5
configure:4662: $? = 0
configure:4669: result: yes
configure:4677: checking for size_t
configure:4677: gcc -c -g -O2  conftest.c >&5
configure:4677: $? = 0
configure:4677: gcc -c -g -O2  conftest.c >&5
conftest.c:65:21: error: expected expression
if (sizeof ((size_t)))
                    ^
1 error generated.
configure:4677: $? = 1
configure: failed program was:
| /* confdefs.h */
| #define PACKAGE_NAME "which"
| #define PACKAGE_TARNAME "which"
| #define PACKAGE_VERSION "2.21"
| #define PACKAGE_STRING "which 2.21"
| #define PACKAGE_BUGREPORT ""
| #define PACKAGE_URL ""
| #define PACKAGE "which"
| #define VERSION "2.21"
| #define STDC_HEADERS 1
| #define HAVE_SYS_TYPES_H 1
| #define HAVE_SYS_STAT_H 1
| #define HAVE_STDLIB_H 1
| #define HAVE_STRING_H 1
| #define HAVE_MEMORY_H 1
| #define HAVE_STRINGS_H 1
| #define HAVE_INTTYPES_H 1
| #define HAVE_STDINT_H 1
| #define HAVE_UNISTD_H 1
| #define __EXTENSIONS__ 1
| #define _ALL_SOURCE 1
| #define _GNU_SOURCE 1
| #define _POSIX_PTHREAD_SEMANTICS 1
| #define _TANDEM_SOURCE 1
| #define STDC_HEADERS 1
| #define HAVE_UNISTD_H 1
| #define HAVE_STRING_H 1
| /* end confdefs.h.  */
| #include <stdio.h>
| #ifdef HAVE_SYS_TYPES_H
| # include <sys/types.h>
| #endif
| #ifdef HAVE_SYS_STAT_H
| # include <sys/stat.h>
| #endif
| #ifdef STDC_HEADERS
| # include <stdlib.h>
| # include <stddef.h>
| #else
| # ifdef HAVE_STDLIB_H
| #  include <stdlib.h>
| # endif
| #endif
| #ifdef HAVE_STRING_H
| # if !defined STDC_HEADERS && defined HAVE_MEMORY_H
| #  include <memory.h>
| # endif
| # include <string.h>
| #endif
| #ifdef HAVE_STRINGS_H
| # include <strings.h>
| #endif
| #ifdef HAVE_INTTYPES_H
| # include <inttypes.h>
| #endif
| #ifdef HAVE_STDINT_H
| # include <stdint.h>
| #endif
| #ifdef HAVE_UNISTD_H
| # include <unistd.h>
| #endif
| int
| main ()
| {
| if (sizeof ((size_t)))
| 	    return 0;
|   ;
|   return 0;
| }
configure:4677: result: yes
configure:4689: checking for uid_t in sys/types.h
configure:4708: result: yes
configure:4719: checking type of array argument to getgroups
configure:4753: gcc -o conftest -g -O2  -fuse-ld=mold conftest.c  >&5
configure:4753: $? = 0
configure:4753: ./conftest
configure:4753: $? = 0
configure:4778: result: gid_t
configure:4789: checking for strchr
configure:4789: gcc -o conftest -g -O2  -fuse-ld=mold conftest.c  >&5
conftest.c:53:6: warning: incompatible redeclaration of library function 'strchr' [-Wincompatible-library-redeclaration]
char strchr ();
     ^
conftest.c:53:6: note: 'strchr' is a builtin with type 'char *(const char *, int)'
1 warning generated.
configure:4789: $? = 0
configure:4789: result: yes
configure:4789: checking for memcpy
configure:4789: gcc -o conftest -g -O2  -fuse-ld=mold conftest.c  >&5
conftest.c:54:6: warning: incompatible redeclaration of library function 'memcpy' [-Wincompatible-library-redeclaration]
char memcpy ();
     ^
conftest.c:54:6: note: 'memcpy' is a builtin with type 'void *(void *, const void *, unsigned long)'
1 warning generated.
configure:4789: $? = 0
configure:4789: result: yes
configure:4789: checking for getopt_long
configure:4789: gcc -o conftest -g -O2  -fuse-ld=mold conftest.c  >&5
configure:4789: $? = 0
configure:4789: result: yes
configure:4789: checking for getcwd
configure:4789: gcc -o conftest -g -O2  -fuse-ld=mold conftest.c  >&5
configure:4789: $? = 0
configure:4789: result: yes
configure:4789: checking for getwd
configure:4789: gcc -o conftest -g -O2  -fuse-ld=mold conftest.c  >&5
mold: error: undefined symbol: getwd
>>> referenced by conftest.c
>>>               /data/data/com.termux/files/usr/tmp/conftest-4d4e4e.o:(main)
clang-16: error: linker command failed with exit code 1 (use -v to see invocation)
configure:4789: $? = 1
configure: failed program was:
| /* confdefs.h */
| #define PACKAGE_NAME "which"
| #define PACKAGE_TARNAME "which"
| #define PACKAGE_VERSION "2.21"
| #define PACKAGE_STRING "which 2.21"
| #define PACKAGE_BUGREPORT ""
| #define PACKAGE_URL ""
| #define PACKAGE "which"
| #define VERSION "2.21"
| #define STDC_HEADERS 1
| #define HAVE_SYS_TYPES_H 1
| #define HAVE_SYS_STAT_H 1
| #define HAVE_STDLIB_H 1
| #define HAVE_STRING_H 1
| #define HAVE_MEMORY_H 1
| #define HAVE_STRINGS_H 1
| #define HAVE_INTTYPES_H 1
| #define HAVE_STDINT_H 1
| #define HAVE_UNISTD_H 1
| #define __EXTENSIONS__ 1
| #define _ALL_SOURCE 1
| #define _GNU_SOURCE 1
| #define _POSIX_PTHREAD_SEMANTICS 1
| #define _TANDEM_SOURCE 1
| #define STDC_HEADERS 1
| #define HAVE_UNISTD_H 1
| #define HAVE_STRING_H 1
| #define GETGROUPS_T gid_t
| #define HAVE_STRCHR 1
| #define HAVE_MEMCPY 1
| #define HAVE_GETOPT_LONG 1
| #define HAVE_GETCWD 1
| /* end confdefs.h.  */
| /* Define getwd to an innocuous variant, in case <limits.h> declares getwd.
|    For example, HP-UX 11i <limits.h> declares gettimeofday.  */
| #define getwd innocuous_getwd
| 
| /* System header to define __stub macros and hopefully few prototypes,
|     which can conflict with char getwd (); below.
|     Prefer <limits.h> to <assert.h> if __STDC__ is defined, since
|     <limits.h> exists even on freestanding compilers.  */
| 
| #ifdef __STDC__
| # include <limits.h>
| #else
| # include <assert.h>
| #endif
| 
| #undef getwd
| 
| /* Override any GCC internal prototype to avoid an error.
|    Use char because int might match the return type of a GCC
|    builtin and then its argument prototype would still apply.  */
| #ifdef __cplusplus
| extern "C"
| #endif
| char getwd ();
| /* The GNU C library defines this for functions which it implements
|     to always fail with ENOSYS.  Some functions are actually named
|     something starting with __ and the normal name is an alias.  */
| #if defined __stub_getwd || defined __stub___getwd
| choke me
| #endif
| 
| int
| main ()
| {
| return getwd ();
|   ;
|   return 0;
| }
configure:4789: result: no
configure:4789: checking for sysconf
configure:4789: gcc -o conftest -g -O2  -fuse-ld=mold conftest.c  >&5
configure:4789: $? = 0
configure:4789: result: yes
configure:4789: checking for getgroups
configure:4789: gcc -o conftest -g -O2  -fuse-ld=mold conftest.c  >&5
configure:4789: $? = 0
configure:4789: result: yes
configure:4789: checking for eaccess
configure:4789: gcc -o conftest -g -O2  -fuse-ld=mold conftest.c  >&5
mold: error: undefined symbol: eaccess
>>> referenced by conftest.c
>>>               /data/data/com.termux/files/usr/tmp/conftest-b20e7f.o:(main)
clang-16: error: linker command failed with exit code 1 (use -v to see invocation)
configure:4789: $? = 1
configure: failed program was:
| /* confdefs.h */
| #define PACKAGE_NAME "which"
| #define PACKAGE_TARNAME "which"
| #define PACKAGE_VERSION "2.21"
| #define PACKAGE_STRING "which 2.21"
| #define PACKAGE_BUGREPORT ""
| #define PACKAGE_URL ""
| #define PACKAGE "which"
| #define VERSION "2.21"
| #define STDC_HEADERS 1
| #define HAVE_SYS_TYPES_H 1
| #define HAVE_SYS_STAT_H 1
| #define HAVE_STDLIB_H 1
| #define HAVE_STRING_H 1
| #define HAVE_MEMORY_H 1
| #define HAVE_STRINGS_H 1
| #define HAVE_INTTYPES_H 1
| #define HAVE_STDINT_H 1
| #define HAVE_UNISTD_H 1
| #define __EXTENSIONS__ 1
| #define _ALL_SOURCE 1
| #define _GNU_SOURCE 1
| #define _POSIX_PTHREAD_SEMANTICS 1
| #define _TANDEM_SOURCE 1
| #define STDC_HEADERS 1
| #define HAVE_UNISTD_H 1
| #define HAVE_STRING_H 1
| #define GETGROUPS_T gid_t
| #define HAVE_STRCHR 1
| #define HAVE_MEMCPY 1
| #define HAVE_GETOPT_LONG 1
| #define HAVE_GETCWD 1
| #define HAVE_SYSCONF 1
| #define HAVE_GETGROUPS 1
| /* end confdefs.h.  */
| /* Define eaccess to an innocuous variant, in case <limits.h> declares eaccess.
|    For example, HP-UX 11i <limits.h> declares gettimeofday.  */
| #define eaccess innocuous_eaccess
| 
| /* System header to define __stub macros and hopefully few prototypes,
|     which can conflict with char eaccess (); below.
|     Prefer <limits.h> to <assert.h> if __STDC__ is defined, since
|     <limits.h> exists even on freestanding compilers.  */
| 
| #ifdef __STDC__
| # include <limits.h>
| #else
| # include <assert.h>
| #endif
| 
| #undef eaccess
| 
| /* Override any GCC internal prototype to avoid an error.
|    Use char because int might match the return type of a GCC
|    builtin and then its argument prototype would still apply.  */
| #ifdef __cplusplus
| extern "C"
| #endif
| char eaccess ();
| /* The GNU C library defines this for functions which it implements
|     to always fail with ENOSYS.  Some functions are actually named
|     something starting with __ and the normal name is an alias.  */
| #if defined __stub_eaccess || defined __stub___eaccess
| choke me
| #endif
| 
| int
| main ()
| {
| return eaccess ();
|   ;
|   return 0;
| }
configure:4789: result: no
configure:4808: checking for ar
configure:4824: found /data/data/com.termux/files/usr/bin/ar
configure:4836: result: ar
configure:4887: checking for ranlib
configure:4903: found /data/data/com.termux/files/usr/bin/ranlib
configure:4914: result: ranlib
configure:4939: checking for stdlib.h
configure:4939: result: yes
configure:4939: checking for memory.h
configure:4939: result: yes
configure:4939: checking pwd.h usability
configure:4939: gcc -c -g -O2  conftest.c >&5
configure:4939: $? = 0
configure:4939: result: yes
configure:4939: checking pwd.h presence
configure:4939: gcc -E  conftest.c
configure:4939: $? = 0
configure:4939: result: yes
configure:4939: checking for pwd.h
configure:4939: result: yes
configure:4939: checking for strings.h
configure:4939: result: yes
configure:4952: checking for getpwent
configure:4952: gcc -o conftest -g -O2  -fuse-ld=mold conftest.c  >&5
configure:4952: $? = 0
configure:4952: result: yes
configure:4952: checking for getpwnam
configure:4952: gcc -o conftest -g -O2  -fuse-ld=mold conftest.c  >&5
configure:4952: $? = 0
configure:4952: result: yes
configure:4952: checking for getpwuid
configure:4952: gcc -o conftest -g -O2  -fuse-ld=mold conftest.c  >&5
configure:4952: $? = 0
configure:4952: result: yes
configure:4961: checking whether programs are able to redeclare getpw functions
configure:4981: gcc -c -g -O2  conftest.c >&5
conftest.c:47:23: warning: a function declaration without a prototype is deprecated in all versions of C and is treated as a zero-parameter prototype in C2x, conflicting with a previous declaration [-Wdeprecated-non-prototype]
extern struct passwd *getpwuid();
                      ^
/data/data/com.termux/files/usr/include/pwd.h:140:18: note: expanded from macro 'getpwuid'
#define getpwuid android_polyfill_getpwuid
                 ^
/data/data/com.termux/files/usr/include/pwd.h:114:23: note: conflicting prototype is here
static struct passwd* android_polyfill_getpwuid(uid_t t) {
                      ^
conftest.c:48:23: warning: a function declaration without a prototype is deprecated in all versions of C and is treated as a zero-parameter prototype in C2x, conflicting with a previous declaration [-Wdeprecated-non-prototype]
extern struct passwd *getpwnam();
                      ^
/data/data/com.termux/files/usr/include/pwd.h:139:18: note: expanded from macro 'getpwnam'
#define getpwnam android_polyfill_getpwnam
                 ^
/data/data/com.termux/files/usr/include/pwd.h:121:23: note: conflicting prototype is here
static struct passwd* android_polyfill_getpwnam(const char* name) {
                      ^
2 warnings generated.
configure:4981: $? = 0
configure:4989: result: yes
configure:5108: checking that generated files are newer than configure
configure:5114: result: done
configure:5141: creating ./config.status

## ---------------------- ##
## Running config.status. ##
## ---------------------- ##

This file was extended by which config.status 2.21, which was
generated by GNU Autoconf 2.69.  Invocation command line was

  CONFIG_FILES    = 
  CONFIG_HEADERS  = 
  CONFIG_LINKS    = 
  CONFIG_COMMANDS = 
  $ ./config.status 

on localhost

config.status:883: creating Makefile
config.status:883: creating maintMakefile
config.status:883: creating tilde/Makefile
config.status:883: creating config.h
config.status:1112: executing depfiles commands

## ---------------- ##
## Cache variables. ##
## ---------------- ##

ac_cv_c_compiler_gnu='yes'
ac_cv_c_const='yes'
ac_cv_env_CC_set=''
ac_cv_env_CC_value=''
ac_cv_env_CFLAGS_set=''
ac_cv_env_CFLAGS_value=''
ac_cv_env_CPPFLAGS_set=''
ac_cv_env_CPPFLAGS_value=''
ac_cv_env_CPP_set=''
ac_cv_env_CPP_value=''
ac_cv_env_LDFLAGS_set='set'
ac_cv_env_LDFLAGS_value='-fuse-ld=mold'
ac_cv_env_LIBS_set=''
ac_cv_env_LIBS_value=''
ac_cv_env_build_alias_set=''
ac_cv_env_build_alias_value=''
ac_cv_env_host_alias_set=''
ac_cv_env_host_alias_value=''
ac_cv_env_target_alias_set=''
ac_cv_env_target_alias_value=''
ac_cv_func_eaccess='no'
ac_cv_func_getcwd='yes'
ac_cv_func_getgroups='yes'
ac_cv_func_getopt_long='yes'
ac_cv_func_getpwent='yes'
ac_cv_func_getpwnam='yes'
ac_cv_func_getpwuid='yes'
ac_cv_func_getwd='no'
ac_cv_func_memcpy='yes'
ac_cv_func_strchr='yes'
ac_cv_func_sysconf='yes'
ac_cv_header_inttypes_h='yes'
ac_cv_header_libiberty_h='no'
ac_cv_header_memory_h='yes'
ac_cv_header_minix_config_h='no'
ac_cv_header_pwd_h='yes'
ac_cv_header_stat_broken='no'
ac_cv_header_stdc='yes'
ac_cv_header_stdint_h='yes'
ac_cv_header_stdlib_h='yes'
ac_cv_header_string_h='yes'
ac_cv_header_strings_h='yes'
ac_cv_header_sys_stat_h='yes'
ac_cv_header_sys_types_h='yes'
ac_cv_header_unistd_h='yes'
ac_cv_lib_static_libiberty_a_xmalloc='no'
ac_cv_objext='o'
ac_cv_path_EGREP='/data/data/com.termux/files/usr/bin/grep -E'
ac_cv_path_GREP='/data/data/com.termux/files/usr/bin/grep'
ac_cv_path_install='/data/data/com.termux/files/usr/bin/install -c'
ac_cv_path_mkdir='/data/data/com.termux/files/usr/bin/mkdir'
ac_cv_prog_AR='ar'
ac_cv_prog_AWK='gawk'
ac_cv_prog_CPP='gcc -E'
ac_cv_prog_ac_ct_CC='gcc'
ac_cv_prog_ac_ct_RANLIB='ranlib'
ac_cv_prog_cc_c89=''
ac_cv_prog_cc_g='yes'
ac_cv_prog_make_make_set='yes'
ac_cv_safe_to_define___extensions__='yes'
ac_cv_type_getgroups='gid_t'
ac_cv_type_size_t='yes'
ac_cv_type_uid_t='yes'
am_cv_CC_dependencies_compiler_type='pch'
am_cv_make_support_nested_variables='yes'
am_cv_prog_cc_c_o='yes'
bash_cv_can_redecl_getpw='yes'
which_cv_iberty='yes'

## ----------------- ##
## Output variables. ##
## ----------------- ##

ACLOCAL='${SHELL} /data/data/com.termux/files/home/which-2.21/missing aclocal-1.14'
ACLOCAL_CWFLAGS='-I /usr/share/cwautomacros/m4'
AMDEPBACKSLASH='\'
AMDEP_FALSE='#'
AMDEP_TRUE=''
AMTAR='$${TAR-tar}'
AM_BACKSLASH='\'
AM_DEFAULT_V='$(AM_DEFAULT_VERBOSITY)'
AM_DEFAULT_VERBOSITY='1'
AM_V='$(V)'
AR='ar'
AUTOCONF='${SHELL} /data/data/com.termux/files/home/which-2.21/missing autoconf'
AUTOHEADER='${SHELL} /data/data/com.termux/files/home/which-2.21/missing autoheader'
AUTOMAKE='${SHELL} /data/data/com.termux/files/home/which-2.21/missing automake-1.14'
AWK='gawk'
CC='gcc'
CCDEPMODE='depmode=pch'
CFLAGS='-g -O2'
CPP='gcc -E'
CPPFLAGS=''
CYGPATH_W='echo'
DEFS='-DHAVE_CONFIG_H'
DEPDIR='.deps'
ECHO_C=''
ECHO_N='-n'
ECHO_T=''
EGREP='/data/data/com.termux/files/usr/bin/grep -E'
EXEEXT=''
GREP='/data/data/com.termux/files/usr/bin/grep'
INSTALL_DATA='${INSTALL} -m 644'
INSTALL_PROGRAM='${INSTALL}'
INSTALL_SCRIPT='${INSTALL}'
INSTALL_STRIP_PROGRAM='$(install_sh) -c -s'
LDFLAGS='-fuse-ld=mold'
LIBOBJS=''
LIBS=''
LTLIBOBJS=''
MAINT='#'
MAINTAINER_MODE_FALSE=''
MAINTAINER_MODE_TRUE='#'
MAKEINFO='${SHELL} /data/data/com.termux/files/home/which-2.21/missing makeinfo'
MKDIR_P='/data/data/com.termux/files/usr/bin/mkdir -p'
OBJEXT='o'
PACKAGE='which'
PACKAGE_BUGREPORT=''
PACKAGE_NAME='which'
PACKAGE_STRING='which 2.21'
PACKAGE_TARNAME='which'
PACKAGE_URL=''
PACKAGE_VERSION='2.21'
PATH_SEPARATOR=':'
RANLIB='ranlib'
SET_MAKE=''
SHELL='/bin/sh'
STRIP=''
VERSION='2.21'
ac_ct_CC='gcc'
am__EXEEXT_FALSE=''
am__EXEEXT_TRUE='#'
am__fastdepCC_FALSE=''
am__fastdepCC_TRUE='#'
am__include='include'
am__isrc=''
am__leading_dot='.'
am__nodep='_no'
am__quote=''
am__tar='$${TAR-tar} chof - "$$tardir"'
am__untar='$${TAR-tar} xf -'
bindir='${exec_prefix}/bin'
build_alias=''
datadir='${datarootdir}'
datarootdir='${prefix}/share'
docdir='${datarootdir}/doc/${PACKAGE_TARNAME}'
dvidir='${docdir}'
exec_prefix='${prefix}'
host_alias=''
htmldir='${docdir}'
includedir='${prefix}/include'
infodir='${datarootdir}/info'
install_sh='${SHELL} /data/data/com.termux/files/home/which-2.21/install-sh'
libdir='${exec_prefix}/lib'
libexecdir='${exec_prefix}/libexec'
localedir='${datarootdir}/locale'
localstatedir='${prefix}/var'
mandir='${datarootdir}/man'
mkdir_p='$(MKDIR_P)'
oldincludedir='/usr/include'
pdfdir='${docdir}'
prefix='/data/data/com.termux/files/usr'
program_transform_name='s,x,x,'
psdir='${docdir}'
sbindir='${exec_prefix}/sbin'
sharedstatedir='${prefix}/com'
sysconfdir='${prefix}/etc'
target_alias=''

## ----------- ##
## confdefs.h. ##
## ----------- ##

/* confdefs.h */
#define PACKAGE_NAME "which"
#define PACKAGE_TARNAME "which"
#define PACKAGE_VERSION "2.21"
#define PACKAGE_STRING "which 2.21"
#define PACKAGE_BUGREPORT ""
#define PACKAGE_URL ""
#define PACKAGE "which"
#define VERSION "2.21"
#define STDC_HEADERS 1
#define HAVE_SYS_TYPES_H 1
#define HAVE_SYS_STAT_H 1
#define HAVE_STDLIB_H 1
#define HAVE_STRING_H 1
#define HAVE_MEMORY_H 1
#define HAVE_STRINGS_H 1
#define HAVE_INTTYPES_H 1
#define HAVE_STDINT_H 1
#define HAVE_UNISTD_H 1
#define __EXTENSIONS__ 1
#define _ALL_SOURCE 1
#define _GNU_SOURCE 1
#define _POSIX_PTHREAD_SEMANTICS 1
#define _TANDEM_SOURCE 1
#define STDC_HEADERS 1
#define HAVE_UNISTD_H 1
#define HAVE_STRING_H 1
#define GETGROUPS_T gid_t
#define HAVE_STRCHR 1
#define HAVE_MEMCPY 1
#define HAVE_GETOPT_LONG 1
#define HAVE_GETCWD 1
#define HAVE_SYSCONF 1
#define HAVE_GETGROUPS 1
#define NEED_XMALLOC 1
#define HAVE_STDLIB_H 1
#define HAVE_MEMORY_H 1
#define HAVE_PWD_H 1
#define HAVE_STRINGS_H 1
#define HAVE_GETPWENT 1
#define HAVE_GETPWNAM 1
#define HAVE_GETPWUID 1

configure: exit 0
